<?xml version="1.0" encoding="UTF-8"?>
<testsuite xmlns:xsi="http://www.w3.org/2001/XMLSchema-instance" xsi:noNamespaceSchemaLocation="https://maven.apache.org/surefire/maven-surefire-plugin/xsd/surefire-test-report.xsd" name="TestSuite" time="23.411" tests="2" errors="0" skipped="1" failures="1">
  <properties>
[...]
</properties>
  <testcase name="TSL_DeathClaimTest" classname="com.diligenta.deathClaim.TSL_DeathClaim" time="20.85">
    <failure message="Expected condition failed: waiting for presence of element located by: By.xpath: //button[@routerlink=&apos;/dashboard/cart&apos;] (tried for 5 second(s) with 50 milliseconds interval)" type="org.openqa.selenium.TimeoutException">org.openqa.selenium.TimeoutException: Expected condition failed: waiting for presence of element located by: By.xpath: //button[@routerlink='/dashboard/cart'] (tried for 5 second(s) with 50 milliseconds interval)
	at com.diligenta.deathClaim.TSL_DeathClaim.TSL_DeathClaimTest(TSL_DeathClaim.java:102)
Caused by: org.openqa.selenium.NoSuchElementException: 
no such element: Unable to locate element: {"method":"xpath","selector":"//button[@routerlink='/dashboard/cart']"}
  (Session info: MicrosoftEdge=135.0.3179.85)
For documentation on this error, please visit: https://www.selenium.dev/documentation/webdriver/troubleshooting/errors#no-such-element-exception
Build info: version: '4.28.0', revision: 'ac342546e9'
System info: os.name: 'Windows 10', os.arch: 'amd64', os.version: '10.0', java.version: '17.0.10'
Driver info: org.openqa.selenium.edge.EdgeDriver
Command: [7b83854289aae89f2a46920e1391b2fc, findElement {using=xpath, value=//button[@routerlink='/dashboard/cart']}]
Capabilities {acceptInsecureCerts: false, browserName: MicrosoftEdge, browserVersion: 135.0.3179.85, fedcm:accounts: true, ms:edgeOptions: {debuggerAddress: localhost:65150}, msedge: {msedgedriverVersion: 135.0.3179.85 (578105711aca..., userDataDir: C:\Users\Hp\AppData\Local\T...}, networkConnectionEnabled: false, pageLoadStrategy: normal, platformName: windows, proxy: Proxy(), se:cdp: ws://localhost:65150/devtoo..., se:cdpVersion: 135.0.3179.85, setWindowRect: true, strictFileInteractability: false, timeouts: {implicit: 0, pageLoad: 300000, script: 30000}, unhandledPromptBehavior: dismiss and notify, webauthn:extension:credBlob: true, webauthn:extension:largeBlob: true, webauthn:extension:minPinLength: true, webauthn:extension:prf: true, webauthn:virtualAuthenticators: true}
Session ID: 7b83854289aae89f2a46920e1391b2fc
	at com.diligenta.deathClaim.TSL_DeathClaim.TSL_DeathClaimTest(TSL_DeathClaim.java:102)
</failure>
    <system-out><![CDATA[2025-05-10 20:20:44 SuitBase INFO  - Properties File Loaded Successfully
Printing Excel file com.diligenta.utility.Read_XLS@2873d672
Flag Value true
2025-05-10 20:20:45 SuitBase INFO  - Properties File Loaded Successfully
Printing Excel file com.diligenta.utility.Read_XLS@64f555e7
Test Case NameTSL_DeathClaim
Flag Value true
2025-05-10 20:20:45 TSL_DeathClaim INFO  - TSL_DeathClaim : CaseToRun = Y Executing Test Excel.
2025-05-10 20:20:45 TSL_DeathClaim INFO  - ---------Test Death Claim Starts Here---------
2025-05-10 20:20:45 TSL_DeathClaim INFO  - caseName :- Case 1
browser name Edge
2025-05-10 20:20:50 SuitBase INFO  - Edge Browser Selected To Launch
2025-05-10 20:20:50 TSL_DeathClaim INFO  - Browser launched
2025-05-10 20:20:55 LoginPage INFO  - Done with Git Changes
2025-05-10 20:21:06 ScreenshotUtility INFO  - Screen shot pat ../Screenshots/Failures/TSL_DeathClaimTest -- Case 1 - 10-May-2025-20-21-05-215.jpg
]]></system-out>
    <system-err><![CDATA[SLF4J(W): No SLF4J providers were found.
SLF4J(W): Defaulting to no-operation (NOP) logger implementation
SLF4J(W): See https://www.slf4j.org/codes.html#noProviders for further details.
SLF4J(W): Class path contains SLF4J bindings targeting slf4j-api versions 1.7.x or earlier.
SLF4J(W): Ignoring binding found at [jar:file:/C:/Users/Hp/.m2/repository/org/apache/logging/log4j/log4j-slf4j-impl/2.19.0/log4j-slf4j-impl-2.19.0.jar!/org/slf4j/impl/StaticLoggerBinder.class]
SLF4J(W): See https://www.slf4j.org/codes.html#ignoredBindings for an explanation.
May 10, 2025 8:20:50 PM org.openqa.selenium.devtools.CdpVersionFinder findNearestMatch
WARNING: Unable to find an exact match for CDP version 135, returning the closest version; found: 132; Please update to a Selenium version that supports CDP version 135
]]></system-err>
  </testcase>
  <testcase name="TSL_DeathClaimTest" classname="com.diligenta.deathClaim.TSL_DeathClaim" time="0">
    <skipped message="DataToRun for row Number 1 Is No of Blank so Skipping its Execution"/>
    <system-out><![CDATA[2025-05-10 20:21:06 TSL_DeathClaim INFO  - TSL_DeathClaim : DataToRun N for data set line 2 so skipping its Execution.
TSL_DeathClaim : DataToRun N for data set line 2 so skipping its Execution.
]]></system-out>
  </testcase>
</testsuite>